<?xml version="1.0" encoding="UTF-8"?>
<testsuite xmlns:xsi="http://www.w3.org/2001/XMLSchema-instance" xsi:noNamespaceSchemaLocation="https://maven.apache.org/surefire/maven-surefire-plugin/xsd/surefire-test-report-3.0.xsd" version="3.0" name="com.e1000son.flightreservation.FlightReservationApplicationTests" time="16.401" tests="1" errors="0" skipped="0" failures="0">
  <properties>
[...]
</properties>
  <testcase name="contextLoads" classname="com.e1000son.flightreservation.FlightReservationApplicationTests" time="0.94">
    <system-out><![CDATA[14:25:40.325 [main] INFO org.springframework.test.context.support.AnnotationConfigContextLoaderUtils -- Could not detect default configuration classes for test class [com.e1000son.flightreservation.FlightReservationApplicationTests]: FlightReservationApplicationTests does not declare any static, non-private, non-final, nested classes annotated with @Configuration.
14:25:40.750 [main] INFO org.springframework.boot.test.context.SpringBootTestContextBootstrapper -- Found @SpringBootConfiguration com.e1000son.flightreservation.FlightReservationApplication for test class com.e1000son.flightreservation.FlightReservationApplicationTests

  .   ____          _            __ _ _
 /\\ / ___'_ __ _ _(_)_ __  __ _ \ \ \ \
( ( )\___ | '_ | '_| | '_ \/ _` | \ \ \ \
 \\/  ___)| |_)| | | | | || (_| |  ) ) ) )
  '  |____| .__|_| |_|_| |_\__, | / / / /
 =========|_|==============|___/=/_/_/_/
 :: Spring Boot ::                (v3.1.5)

2023-11-16T14:25:41.760+02:00  INFO 2208 --- [           main] c.e.f.FlightReservationApplicationTests  : Starting FlightReservationApplicationTests using Java 19.0.2 with PID 2208 (started by e1000son in /Users/e1000son/Dropbox/Mine/03. Empresas/00. e1000son/01. 2023/Flight-Reservation-App/flight-reservation)
2023-11-16T14:25:41.764+02:00  INFO 2208 --- [           main] c.e.f.FlightReservationApplicationTests  : No active profile set, falling back to 1 default profile: "default"
2023-11-16T14:25:43.126+02:00  INFO 2208 --- [           main] .s.d.r.c.RepositoryConfigurationDelegate : Bootstrapping Spring Data JPA repositories in DEFAULT mode.
2023-11-16T14:25:43.307+02:00  INFO 2208 --- [           main] .s.d.r.c.RepositoryConfigurationDelegate : Finished Spring Data repository scanning in 159 ms. Found 4 JPA repository interfaces.
2023-11-16T14:25:44.295+02:00  INFO 2208 --- [           main] com.zaxxer.hikari.HikariDataSource       : HikariPool-1 - Starting...
2023-11-16T14:25:45.345+02:00  INFO 2208 --- [           main] com.zaxxer.hikari.pool.HikariPool        : HikariPool-1 - Added connection com.mysql.cj.jdbc.ConnectionImpl@32a4ecbe
2023-11-16T14:25:45.349+02:00  INFO 2208 --- [           main] com.zaxxer.hikari.HikariDataSource       : HikariPool-1 - Start completed.
2023-11-16T14:25:45.458+02:00  INFO 2208 --- [           main] o.hibernate.jpa.internal.util.LogHelper  : HHH000204: Processing PersistenceUnitInfo [name: default]
2023-11-16T14:25:45.725+02:00  INFO 2208 --- [           main] org.hibernate.Version                    : HHH000412: Hibernate ORM core version 6.2.13.Final
2023-11-16T14:25:45.733+02:00  INFO 2208 --- [           main] org.hibernate.cfg.Environment            : HHH000406: Using bytecode reflection optimizer
2023-11-16T14:25:46.711+02:00  INFO 2208 --- [           main] o.s.o.j.p.SpringPersistenceUnitInfo      : No LoadTimeWeaver setup: ignoring JPA class transformer
2023-11-16T14:25:50.030+02:00  INFO 2208 --- [           main] o.h.e.t.j.p.i.JtaPlatformInitiator       : HHH000489: No JTA platform available (set 'hibernate.transaction.jta.platform' to enable JTA platform integration)
2023-11-16T14:25:50.042+02:00  INFO 2208 --- [           main] j.LocalContainerEntityManagerFactoryBean : Initialized JPA EntityManagerFactory for persistence unit 'default'
2023-11-16T14:25:50.989+02:00  INFO 2208 --- [           main] o.s.d.j.r.query.QueryEnhancerFactory     : Hibernate is in classpath; If applicable, HQL parser will be used.
2023-11-16T14:25:53.582+02:00  WARN 2208 --- [           main] JpaBaseConfiguration$JpaWebConfiguration : spring.jpa.open-in-view is enabled by default. Therefore, database queries may be performed during view rendering. Explicitly configure spring.jpa.open-in-view to disable this warning
2023-11-16T14:25:54.062+02:00  INFO 2208 --- [           main] o.s.b.a.w.s.WelcomePageHandlerMapping    : Adding welcome page template: index
2023-11-16T14:25:54.498+02:00  INFO 2208 --- [           main] c.e.f.FlightReservationApplicationTests  : Started FlightReservationApplicationTests in 13.321 seconds (process running for 17.65)
]]></system-out>
  </testcase>
</testsuite>