<?xml version="1.0" encoding="UTF-8"?>
<testsuite xmlns:xsi="http://www.w3.org/2001/XMLSchema-instance" xsi:noNamespaceSchemaLocation="https://maven.apache.org/surefire/maven-surefire-plugin/xsd/surefire-test-report-3.0.xsd" version="3.0" name="com.e1000son.flightreservation.FlightReservationApplicationTests" time="11.03" tests="1" errors="0" skipped="0" failures="0">
  <properties>
[...]
</properties>
  <testcase name="contextLoads" classname="com.e1000son.flightreservation.FlightReservationApplicationTests" time="0.956">
    <system-out><![CDATA[11:47:05,967 |-INFO in ch.qos.logback.classic.LoggerContext[default] - This is logback-classic version 1.4.11
11:47:05,974 |-INFO in ch.qos.logback.classic.util.ContextInitializer@7283d3eb - Here is a list of configurators discovered as a service, by rank: 
11:47:05,974 |-INFO in ch.qos.logback.classic.util.ContextInitializer@7283d3eb -   org.springframework.boot.logging.logback.RootLogLevelConfigurator
11:47:05,974 |-INFO in ch.qos.logback.classic.util.ContextInitializer@7283d3eb - They will be invoked in order until ExecutionStatus.DO_NOT_INVOKE_NEXT_IF_ANY is returned.
11:47:05,974 |-INFO in ch.qos.logback.classic.util.ContextInitializer@7283d3eb - Constructed configurator of type class org.springframework.boot.logging.logback.RootLogLevelConfigurator
11:47:05,990 |-INFO in ch.qos.logback.classic.util.ContextInitializer@7283d3eb - org.springframework.boot.logging.logback.RootLogLevelConfigurator.configure() call lasted 0 milliseconds. ExecutionStatus=INVOKE_NEXT_IF_ANY
11:47:05,990 |-INFO in ch.qos.logback.classic.util.ContextInitializer@7283d3eb - Trying to configure with ch.qos.logback.classic.joran.SerializedModelConfigurator
11:47:05,991 |-INFO in ch.qos.logback.classic.util.ContextInitializer@7283d3eb - Constructed configurator of type class ch.qos.logback.classic.joran.SerializedModelConfigurator
11:47:06,023 |-INFO in ch.qos.logback.classic.LoggerContext[default] - Could NOT find resource [logback-test.scmo]
11:47:06,023 |-INFO in ch.qos.logback.classic.LoggerContext[default] - Could NOT find resource [logback.scmo]
11:47:06,023 |-INFO in ch.qos.logback.classic.util.ContextInitializer@7283d3eb - ch.qos.logback.classic.joran.SerializedModelConfigurator.configure() call lasted 32 milliseconds. ExecutionStatus=INVOKE_NEXT_IF_ANY
11:47:06,023 |-INFO in ch.qos.logback.classic.util.ContextInitializer@7283d3eb - Trying to configure with ch.qos.logback.classic.util.DefaultJoranConfigurator
11:47:06,024 |-INFO in ch.qos.logback.classic.util.ContextInitializer@7283d3eb - Constructed configurator of type class ch.qos.logback.classic.util.DefaultJoranConfigurator
11:47:06,025 |-INFO in ch.qos.logback.classic.LoggerContext[default] - Could NOT find resource [logback-test.xml]
11:47:06,031 |-INFO in ch.qos.logback.classic.LoggerContext[default] - Found resource [logback.xml] at [file:/Users/e1000son/Dropbox/Mine/03.%20Empresas/00.%20e1000son/01.%202023/Flight-Reservation-App/flight-reservation/target/classes/logback.xml]
11:47:06,215 |-INFO in ch.qos.logback.core.model.processor.AppenderModelHandler - Processing appender named [FILE]
11:47:06,215 |-INFO in ch.qos.logback.core.model.processor.AppenderModelHandler - About to instantiate appender of type [ch.qos.logback.core.rolling.RollingFileAppender]
11:47:06,288 |-INFO in c.q.l.core.rolling.TimeBasedRollingPolicy@1670313965 - No compression will be used
11:47:06,290 |-INFO in c.q.l.core.rolling.TimeBasedRollingPolicy@1670313965 - Will use the pattern /Users/e1000son/Dropbox/Mine/03. Empresas/00. e1000son/01. 2023/Flight-Reservation-App/flight-reservation/logs/archived/flightreservation.%d{yyyy-MM-dd}.%i.log for the active file
11:47:06,336 |-INFO in ch.qos.logback.core.rolling.SizeAndTimeBasedFNATP@4bff7da0 - The date pattern is 'yyyy-MM-dd' from file name pattern '/Users/e1000son/Dropbox/Mine/03. Empresas/00. e1000son/01. 2023/Flight-Reservation-App/flight-reservation/logs/archived/flightreservation.%d{yyyy-MM-dd}.%i.log'.
11:47:06,336 |-INFO in ch.qos.logback.core.rolling.SizeAndTimeBasedFNATP@4bff7da0 - Roll-over at midnight.
11:47:06,351 |-INFO in ch.qos.logback.core.rolling.SizeAndTimeBasedFNATP@4bff7da0 - Setting initial period to 2024-01-03T09:45:59.739Z
11:47:06,351 |-WARN in ch.qos.logback.core.rolling.SizeAndTimeBasedFNATP@4bff7da0 - SizeAndTimeBasedFNATP is deprecated. Use SizeAndTimeBasedRollingPolicy instead
11:47:06,351 |-WARN in ch.qos.logback.core.rolling.SizeAndTimeBasedFNATP@4bff7da0 - For more information see http://logback.qos.ch/manual/appenders.html#SizeAndTimeBasedRollingPolicy
11:47:06,360 |-INFO in ch.qos.logback.core.rolling.RollingFileAppender[FILE] - Active log file name: /Users/e1000son/Dropbox/Mine/03. Empresas/00. e1000son/01. 2023/Flight-Reservation-App/flight-reservation/logs/flightreservation.log
11:47:06,361 |-INFO in ch.qos.logback.core.rolling.RollingFileAppender[FILE] - File property is set to [/Users/e1000son/Dropbox/Mine/03. Empresas/00. e1000son/01. 2023/Flight-Reservation-App/flight-reservation/logs/flightreservation.log]
11:47:06,364 |-INFO in ch.qos.logback.classic.model.processor.RootLoggerModelHandler - Setting level of ROOT logger to INFO
11:47:06,365 |-INFO in ch.qos.logback.core.model.processor.AppenderRefModelHandler - Attaching appender named [FILE] to Logger[ROOT]
11:47:06,366 |-INFO in ch.qos.logback.core.model.processor.DefaultProcessor@3f1d2e23 - End of configuration.
11:47:06,367 |-INFO in ch.qos.logback.classic.joran.JoranConfigurator@536dbea0 - Registering current configuration as safe fallback point
11:47:06,367 |-INFO in ch.qos.logback.classic.util.ContextInitializer@7283d3eb - ch.qos.logback.classic.util.DefaultJoranConfigurator.configure() call lasted 343 milliseconds. ExecutionStatus=DO_NOT_INVOKE_NEXT_IF_ANY

11:47:07,430 |-INFO in ch.qos.logback.core.model.processor.AppenderModelHandler - Processing appender named [FILE]
11:47:07,430 |-INFO in ch.qos.logback.core.model.processor.AppenderModelHandler - About to instantiate appender of type [ch.qos.logback.core.rolling.RollingFileAppender]
11:47:07,433 |-INFO in c.q.l.core.rolling.TimeBasedRollingPolicy@623131585 - No compression will be used
11:47:07,434 |-INFO in c.q.l.core.rolling.TimeBasedRollingPolicy@623131585 - Will use the pattern /Users/e1000son/Dropbox/Mine/03. Empresas/00. e1000son/01. 2023/Flight-Reservation-App/flight-reservation/logs/archived/flightreservation.%d{yyyy-MM-dd}.%i.log for the active file
11:47:07,437 |-INFO in ch.qos.logback.core.rolling.SizeAndTimeBasedFNATP@1e287667 - The date pattern is 'yyyy-MM-dd' from file name pattern '/Users/e1000son/Dropbox/Mine/03. Empresas/00. e1000son/01. 2023/Flight-Reservation-App/flight-reservation/logs/archived/flightreservation.%d{yyyy-MM-dd}.%i.log'.
11:47:07,437 |-INFO in ch.qos.logback.core.rolling.SizeAndTimeBasedFNATP@1e287667 - Roll-over at midnight.
11:47:07,437 |-INFO in ch.qos.logback.core.rolling.SizeAndTimeBasedFNATP@1e287667 - Setting initial period to 2024-01-03T09:47:06.758Z
11:47:07,437 |-WARN in ch.qos.logback.core.rolling.SizeAndTimeBasedFNATP@1e287667 - SizeAndTimeBasedFNATP is deprecated. Use SizeAndTimeBasedRollingPolicy instead
11:47:07,437 |-WARN in ch.qos.logback.core.rolling.SizeAndTimeBasedFNATP@1e287667 - For more information see http://logback.qos.ch/manual/appenders.html#SizeAndTimeBasedRollingPolicy
11:47:07,438 |-INFO in ch.qos.logback.core.rolling.RollingFileAppender[FILE] - Active log file name: /Users/e1000son/Dropbox/Mine/03. Empresas/00. e1000son/01. 2023/Flight-Reservation-App/flight-reservation/logs/flightreservation.log
11:47:07,438 |-INFO in ch.qos.logback.core.rolling.RollingFileAppender[FILE] - File property is set to [/Users/e1000son/Dropbox/Mine/03. Empresas/00. e1000son/01. 2023/Flight-Reservation-App/flight-reservation/logs/flightreservation.log]
11:47:07,438 |-INFO in ch.qos.logback.classic.model.processor.RootLoggerModelHandler - Setting level of ROOT logger to INFO
11:47:07,438 |-INFO in ch.qos.logback.classic.jul.LevelChangePropagator@2e6ee0bc - Propagating INFO level on Logger[ROOT] onto the JUL framework
11:47:07,439 |-INFO in ch.qos.logback.core.model.processor.AppenderRefModelHandler - Attaching appender named [FILE] to Logger[ROOT]
11:47:07,439 |-INFO in ch.qos.logback.core.model.processor.DefaultProcessor@4201a617 - End of configuration.
11:47:07,439 |-INFO in org.springframework.boot.logging.logback.SpringBootJoranConfigurator@467f77a5 - Registering current configuration as safe fallback point


  .   ____          _            __ _ _
 /\\ / ___'_ __ _ _(_)_ __  __ _ \ \ \ \
( ( )\___ | '_ | '_| | '_ \/ _` | \ \ \ \
 \\/  ___)| |_)| | | | | || (_| |  ) ) ) )
  '  |____| .__|_| |_|_| |_\__, | / / / /
 =========|_|==============|___/=/_/_/_/
 :: Spring Boot ::                (v3.1.5)

]]></system-out>
  </testcase>
</testsuite>